<?xml version="1.0" encoding="UTF-8"?>
<!-- Generated by org.testng.reporters.JUnitXMLReporter -->
<testsuite hostname="DESKTOP-SFC0TF7" ignored="1" name="FirstTest_firefox" tests="1" failures="0" timestamp="2020-07-15T16:28:54 IST" time="71.451" errors="0">
  <testcase name="positiveLoginTest" time="56.498" classname="com.dice.LoginTest"/>
  <testcase name="negativeLoginTest" time="0.0" classname="com.dice.LoginTest">
    <ignored/>
  </testcase> <!-- negativeLoginTest -->
</testsuite> <!-- FirstTest_firefox -->
