<?xml version="1.0" encoding="UTF-8"?>
<!-- Generated by org.testng.reporters.JUnitXMLReporter -->
<testsuite hostname="DESKTOP-SFC0TF7" ignored="1" name="FirstTest_FF" tests="1" failures="0" timestamp="2020-07-15T17:31:15 IST" time="98.857" errors="0">
  <testcase name="positiveLoginTest" time="82.739" classname="com.dice.LoginTest"/>
  <testcase name="negativeLoginTest" time="0.0" classname="com.dice.LoginTest">
    <ignored/>
  </testcase> <!-- negativeLoginTest -->
</testsuite> <!-- FirstTest_FF -->
