<?xml version="1.0" encoding="UTF-8"?>
<!-- Generated by org.testng.reporters.JUnitXMLReporter -->
<testsuite hostname="DESKTOP-SFC0TF7" ignored="1" name="FirstTest" tests="2" failures="0" timestamp="2020-07-15T01:34:59 IST" time="73.41" errors="0">
  <testcase name="negativeLoginTest" time="34.231" classname="com.dice.LoginTest"/>
  <testcase name="negativeLoginTest" time="30.677" classname="com.dice.LoginTest"/>
  <testcase name="positiveLoginTest" time="0.0" classname="com.dice.LoginTest">
    <ignored/>
  </testcase> <!-- positiveLoginTest -->
</testsuite> <!-- FirstTest -->
