<?xml version="1.0" encoding="UTF-8"?>
<!-- Generated by org.testng.reporters.JUnitXMLReporter -->
<testsuite hostname="DESKTOP-SFC0TF7" ignored="1" name="FirstTest" tests="2" failures="0" timestamp="2020-07-14T17:30:20 IST" time="86.192" errors="0">
  <testcase name="negativeLoginTest" time="40.749" classname="com.dice.LoginTest"/>
  <testcase name="negativeLoginTest" time="37.264" classname="com.dice.LoginTest"/>
  <testcase name="positiveLoginTest" time="0.0" classname="com.dice.LoginTest">
    <ignored/>
  </testcase> <!-- positiveLoginTest -->
</testsuite> <!-- FirstTest -->
