<?xml version="1.0" encoding="UTF-8"?>
<testng-results skipped="0" failed="0" ignored="0" total="1" passed="1">
  <reporter-output>
  </reporter-output>
  <suite name="Default suite" duration-ms="21271" started-at="2020-07-13T00:31:14 IST" finished-at="2020-07-13T00:31:35 IST">
    <groups>
    </groups>
    <test name="Default test" duration-ms="21271" started-at="2020-07-13T00:31:14 IST" finished-at="2020-07-13T00:31:35 IST">
      <class name="com.dice.LoginTest">
        <test-method status="PASS" signature="setUp()[pri:0, instance:com.dice.LoginTest@72b6cbcc]" name="setUp" is-config="true" duration-ms="3842" started-at="2020-07-13T00:31:14 IST" finished-at="2020-07-13T00:31:18 IST">
          <reporter-output>
          </reporter-output>
        </test-method> <!-- setUp -->
        <test-method status="PASS" signature="positiveLoginTest()[pri:0, instance:com.dice.LoginTest@72b6cbcc]" name="positiveLoginTest" duration-ms="16717" started-at="2020-07-13T00:31:18 IST" finished-at="2020-07-13T00:31:35 IST">
          <reporter-output>
          </reporter-output>
        </test-method> <!-- positiveLoginTest -->
        <test-method status="PASS" signature="teardown()[pri:0, instance:com.dice.LoginTest@72b6cbcc]" name="teardown" is-config="true" duration-ms="690" started-at="2020-07-13T00:31:35 IST" finished-at="2020-07-13T00:31:35 IST">
          <reporter-output>
          </reporter-output>
        </test-method> <!-- teardown -->
      </class> <!-- com.dice.LoginTest -->
    </test> <!-- Default test -->
  </suite> <!-- Default suite -->
</testng-results>
