<?xml version="1.0" encoding="UTF-8"?>
<testng-results skipped="0" failed="0" ignored="0" total="1" passed="1">
  <reporter-output>
  </reporter-output>
  <suite name="FirstSuite" duration-ms="21239" started-at="2020-07-13T00:27:45 IST" finished-at="2020-07-13T00:28:06 IST">
    <groups>
    </groups>
    <test name="FirstTest" duration-ms="21239" started-at="2020-07-13T00:27:45 IST" finished-at="2020-07-13T00:28:06 IST">
      <class name="com.dice.LoginTest">
        <test-method status="PASS" signature="setUp()[pri:0, instance:com.dice.LoginTest@49993335]" name="setUp" is-config="true" duration-ms="3740" started-at="2020-07-13T00:27:45 IST" finished-at="2020-07-13T00:27:48 IST">
          <reporter-output>
          </reporter-output>
        </test-method> <!-- setUp -->
        <test-method status="PASS" signature="positiveLoginTest()[pri:0, instance:com.dice.LoginTest@49993335]" name="positiveLoginTest" duration-ms="16827" started-at="2020-07-13T00:27:48 IST" finished-at="2020-07-13T00:28:05 IST">
          <reporter-output>
          </reporter-output>
        </test-method> <!-- positiveLoginTest -->
        <test-method status="PASS" signature="teardown()[pri:0, instance:com.dice.LoginTest@49993335]" name="teardown" is-config="true" duration-ms="654" started-at="2020-07-13T00:28:05 IST" finished-at="2020-07-13T00:28:06 IST">
          <reporter-output>
          </reporter-output>
        </test-method> <!-- teardown -->
      </class> <!-- com.dice.LoginTest -->
    </test> <!-- FirstTest -->
  </suite> <!-- FirstSuite -->
</testng-results>
